<?xml version="1.0" encoding="UTF-8"?>
<!-- Generated by org.testng.reporters.JUnitReportReporter -->
<testsuite hostname="InaNutshell" failures="0" tests="1" name="TestNG.RemoveFromWishList" time="2.072" errors="0" timestamp="2022-05-01T06:58:14 EET" skipped="0">
  <testcase classname="TestNG.RemoveFromWishList" name="RemoveItemFromWishlist" time="2.072"/>
  <system-out/>
</testsuite> <!-- TestNG.RemoveFromWishList -->
