<?xml version="1.0" encoding="UTF-8"?>
<!-- Generated by org.testng.reporters.JUnitReportReporter -->
<testsuite hostname="InaNutshell" failures="0" tests="1" name="TestNG.ViewWishlist" time="1.189" errors="0" timestamp="2022-05-01T06:58:14 EET" skipped="0">
  <testcase classname="TestNG.ViewWishlist" name="ViewWishlist" time="1.189"/>
  <system-out/>
</testsuite> <!-- TestNG.ViewWishlist -->
