<?xml version="1.0" encoding="UTF-8"?>
<!-- Generated by org.testng.reporters.JUnitReportReporter -->
<testsuite hostname="InaNutshell" failures="0" tests="3" name="TestNG.Suite" time="9.723" errors="0" timestamp="2022-05-01T06:34:50 EET" skipped="0">
  <testcase classname="TestNG.Suite" name="add_itemtocart" time="7.578"/>
  <system-out/>
  <testcase classname="TestNG.Suite" name="remove_itemfromcart" time="0.108"/>
  <system-out/>
  <testcase classname="TestNG.Suite" name="viewcart" time="2.037"/>
  <system-out/>
</testsuite> <!-- TestNG.Suite -->
